已經開始建置於 2014/12/25 下午 03:59:26。
     1>節點 2 (build 目標) 上的專案 "E:\GitHub\Longterm-Sensing-Data-Visualization\openCV\openCV.vcxproj"。
     1>InitializeBuildStatus:
         由於指定了 "AlwaysCreate"，因此正在建立 "obj\Debug\openCV.unsuccessfulbuild"。
       ClCompile:
         C:\Program Files (x86)\Microsoft Visual Studio 10.0\VC\bin\CL.exe /c /I..\..\include\GL /I..\..\include\Freetype /I..\..\include\Eigen /I..\..\include /I..\..\include\opencv /ZI /nologo /W3 /WX- /Od /Oy- /D WIN32 /D _DEBUG /D _CONSOLE /D _UNICODE /D UNICODE /Gm /EHsc /RTC1 /MDd /GS /fp:precise /Zc:wchar_t /Zc:forScope /Fo"obj\Debug\\" /Fd"obj\Debug\vc100.pdb" /Gd /TP /analyze- /errorReport:prompt main.cpp
         main.cpp
     1>e:\github\include\opencv2\flann\dist.h : warning C4819: 檔案含有無法在目前字碼頁 (950) 中表示的字元。請以 Unicode 格式儲存檔案以防止資料遺失
     1>e:\github\include\opencv2\flann\dist.h : warning C4819: 檔案含有無法在目前字碼頁 (950) 中表示的字元。請以 Unicode 格式儲存檔案以防止資料遺失
     1>e:\github\include\opencv2\flann\dist.h : warning C4819: 檔案含有無法在目前字碼頁 (950) 中表示的字元。請以 Unicode 格式儲存檔案以防止資料遺失
     1>e:\github\include\opencv2\flann\dist.h : warning C4819: 檔案含有無法在目前字碼頁 (950) 中表示的字元。請以 Unicode 格式儲存檔案以防止資料遺失
     1>e:\github\include\opencv2\legacy\compat.hpp : warning C4819: 檔案含有無法在目前字碼頁 (950) 中表示的字元。請以 Unicode 格式儲存檔案以防止資料遺失
     1>e:\github\include\gl\gl.h : warning C4819: 檔案含有無法在目前字碼頁 (950) 中表示的字元。請以 Unicode 格式儲存檔案以防止資料遺失
     1>e:\github\include\gl\gl.h : warning C4819: 檔案含有無法在目前字碼頁 (950) 中表示的字元。請以 Unicode 格式儲存檔案以防止資料遺失
     1>e:\github\longterm-sensing-data-visualization\opencv\main.cpp(169): warning C4305: 'return' : 從 'double' 轉換為 'float'，是由較大的型別轉換為較小的型別，可能導致資料遺失
     1>e:\github\longterm-sensing-data-visualization\opencv\main.cpp(190): warning C4018: '<' : signed/unsigned 不相符
     1>e:\github\longterm-sensing-data-visualization\opencv\main.cpp(200): warning C4018: '<' : signed/unsigned 不相符
     1>e:\github\longterm-sensing-data-visualization\opencv\main.cpp(286): warning C4305: '+=' : 從 'double' 轉換為 'float'，是由較大的型別轉換為較小的型別，可能導致資料遺失
     1>e:\github\longterm-sensing-data-visualization\opencv\main.cpp(291): warning C4305: '-=' : 從 'double' 轉換為 'float'，是由較大的型別轉換為較小的型別，可能導致資料遺失
     1>e:\github\longterm-sensing-data-visualization\opencv\main.cpp(434): warning C4305: '=' : 從 'double' 轉換為 'float'，是由較大的型別轉換為較小的型別，可能導致資料遺失
       ManifestResourceCompile:
         所有輸出都是最新的。
       Link:
         C:\Program Files (x86)\Microsoft Visual Studio 10.0\VC\bin\link.exe /ERRORREPORT:PROMPT /OUT:"bin\Debug\openCV.exe" /INCREMENTAL /NOLOGO /LIBPATH:..\..\lib opencv_calib3d244.lib opencv_calib3d244d.lib opencv_contrib244.lib opencv_contrib244d.lib opencv_core244.lib opencv_core244d.lib opencv_features2d244.lib opencv_features2d244d.lib opencv_flann244.lib opencv_flann244d.lib opencv_gpu244.lib opencv_gpu244d.lib opencv_haartraining_engine.lib opencv_haartraining_engined.lib opencv_highgui244.lib opencv_highgui244d.lib opencv_imgproc244.lib opencv_imgproc244d.lib opencv_legacy244.lib opencv_legacy244d.lib opencv_ml244.lib opencv_ml244d.lib opencv_nonfree244.lib opencv_nonfree244d.lib opencv_objdetect244.lib opencv_objdetect244d.lib opencv_photo244.lib opencv_photo244d.lib opencv_stitching244.lib opencv_stitching244d.lib opencv_ts244.lib opencv_ts244d.lib opencv_video244.lib opencv_video244d.lib opencv_videostab244.lib opencv_videostab244d.lib freeglut.lib opengl32.lib glew32s.lib glew32.lib libglfw.a libopengl32.a freetype244MT_D.lib ftgl_D.lib kernel32.lib user32.lib gdi32.lib winspool.lib comdlg32.lib advapi32.lib shell32.lib ole32.lib oleaut32.lib uuid.lib odbc32.lib odbccp32.lib /MANIFEST /ManifestFile:"obj\Debug\openCV.exe.intermediate.manifest" /MANIFESTUAC:"level='asInvoker' uiAccess='false'" /DEBUG /PDB:"E:\GitHub\Longterm-Sensing-Data-Visualization\openCV\bin\Debug\openCV.pdb" /SUBSYSTEM:CONSOLE /TLBID:1 /DYNAMICBASE /NXCOMPAT /IMPLIB:"bin\Debug\openCV.lib" /MACHINE:X86 obj\Debug\openCV.exe.embed.manifest.res
         obj\Debug\main.obj
       Manifest:
         c:\Program Files (x86)\Microsoft SDKs\Windows\v7.0A\bin\mt.exe /nologo /verbose /out:"obj\Debug\openCV.exe.embed.manifest" /manifest obj\Debug\openCV.exe.intermediate.manifest
         所有輸出都是最新的。
       LinkEmbedManifest:
         所有輸出都是最新的。
         openCV.vcxproj -> E:\GitHub\Longterm-Sensing-Data-Visualization\openCV\bin\Debug\openCV.exe
       FinalizeBuildStatus:
         正在刪除檔案 "obj\Debug\openCV.unsuccessfulbuild"。
         正在變更時間戳記 "obj\Debug\openCV.lastbuildstate"。
     1>專案 "E:\GitHub\Longterm-Sensing-Data-Visualization\openCV\openCV.vcxproj" (build 目標) 建置完成。

建置成功。

經過時間 00:00:24.55
