已經開始建置於 2015/1/7 下午 04:17:25。
     1>節點 2 (build 目標) 上的專案 "E:\GitHub\Sensing-Data-Visualization\openCV\openCV.vcxproj"。
     1>InitializeBuildStatus:
         由於指定了 "AlwaysCreate"，因此正在建立 "obj\Release\openCV.unsuccessfulbuild"。
       ClCompile:
         C:\Program Files (x86)\Microsoft Visual Studio 10.0\VC\bin\CL.exe /c /I..\..\include\freetype /I..\..\include\GL /I..\..\include\Eigen /I..\..\include /I..\..\include\opencv /Zi /nologo /W3 /WX- /O2 /Oi /Oy- /GL /D WIN32 /D NDEBUG /D _CONSOLE /D _UNICODE /D UNICODE /Gm- /EHsc /MD /GS /Gy /fp:precise /Zc:wchar_t /Zc:forScope /Fo"obj\Release\\" /Fd"obj\Release\vc100.pdb" /Gd /TP /analyze- /errorReport:prompt Preprocessing_Data.cpp
         Preprocessing_Data.cpp
     1>e:\github\include\opencv2\flann\dist.h : warning C4819: 檔案含有無法在目前字碼頁 (950) 中表示的字元。請以 Unicode 格式儲存檔案以防止資料遺失
     1>e:\github\include\opencv2\flann\dist.h : warning C4819: 檔案含有無法在目前字碼頁 (950) 中表示的字元。請以 Unicode 格式儲存檔案以防止資料遺失
     1>e:\github\include\opencv2\flann\logger.h(66): warning C4996: 'fopen': This function or variable may be unsafe. Consider using fopen_s instead. To disable deprecation, use _CRT_SECURE_NO_WARNINGS. See online help for details.
                 C:\Program Files (x86)\Microsoft Visual Studio 10.0\VC\include\stdio.h(234) : 請參閱 'fopen' 的宣告
     1>e:\github\include\opencv2\flann\dist.h : warning C4819: 檔案含有無法在目前字碼頁 (950) 中表示的字元。請以 Unicode 格式儲存檔案以防止資料遺失
     1>e:\github\include\opencv2\flann\dist.h : warning C4819: 檔案含有無法在目前字碼頁 (950) 中表示的字元。請以 Unicode 格式儲存檔案以防止資料遺失
     1>E:\GitHub\include\opencv2/legacy/compat.hpp : warning C4819: 檔案含有無法在目前字碼頁 (950) 中表示的字元。請以 Unicode 格式儲存檔案以防止資料遺失
     1>Preprocessing_Data.cpp(19): warning C4996: 'strcpy': This function or variable may be unsafe. Consider using strcpy_s instead. To disable deprecation, use _CRT_SECURE_NO_WARNINGS. See online help for details.
                 C:\Program Files (x86)\Microsoft Visual Studio 10.0\VC\include\string.h(105) : 請參閱 'strcpy' 的宣告
     1>Preprocessing_Data.cpp(164): warning C4996: 'fopen': This function or variable may be unsafe. Consider using fopen_s instead. To disable deprecation, use _CRT_SECURE_NO_WARNINGS. See online help for details.
                 C:\Program Files (x86)\Microsoft Visual Studio 10.0\VC\include\stdio.h(234) : 請參閱 'fopen' 的宣告
     1>Preprocessing_Data.cpp(182): warning C4996: 'strtok': This function or variable may be unsafe. Consider using strtok_s instead. To disable deprecation, use _CRT_SECURE_NO_WARNINGS. See online help for details.
                 C:\Program Files (x86)\Microsoft Visual Studio 10.0\VC\include\string.h(197) : 請參閱 'strtok' 的宣告
     1>Preprocessing_Data.cpp(189): warning C4996: 'strtok': This function or variable may be unsafe. Consider using strtok_s instead. To disable deprecation, use _CRT_SECURE_NO_WARNINGS. See online help for details.
                 C:\Program Files (x86)\Microsoft Visual Studio 10.0\VC\include\string.h(197) : 請參閱 'strtok' 的宣告
     1>Preprocessing_Data.cpp(226): warning C4305: 'return' : 從 'double' 轉換為 'float'，是由較大的型別轉換為較小的型別，可能導致資料遺失
     1>Preprocessing_Data.cpp(288): warning C4018: '<' : signed/unsigned 不相符
     1>Preprocessing_Data.cpp(312): warning C4018: '<' : signed/unsigned 不相符
     1>Preprocessing_Data.cpp(328): warning C4018: '<' : signed/unsigned 不相符
     1>Preprocessing_Data.cpp(483): warning C4305: '+=' : 從 'double' 轉換為 'float'，是由較大的型別轉換為較小的型別，可能導致資料遺失
     1>Preprocessing_Data.cpp(494): warning C4018: '<' : signed/unsigned 不相符
     1>Preprocessing_Data.cpp(615): warning C4996: 'fopen': This function or variable may be unsafe. Consider using fopen_s instead. To disable deprecation, use _CRT_SECURE_NO_WARNINGS. See online help for details.
                 C:\Program Files (x86)\Microsoft Visual Studio 10.0\VC\include\stdio.h(234) : 請參閱 'fopen' 的宣告
     1>Preprocessing_Data.cpp(633): warning C4996: 'strtok': This function or variable may be unsafe. Consider using strtok_s instead. To disable deprecation, use _CRT_SECURE_NO_WARNINGS. See online help for details.
                 C:\Program Files (x86)\Microsoft Visual Studio 10.0\VC\include\string.h(197) : 請參閱 'strtok' 的宣告
     1>Preprocessing_Data.cpp(640): warning C4996: 'strtok': This function or variable may be unsafe. Consider using strtok_s instead. To disable deprecation, use _CRT_SECURE_NO_WARNINGS. See online help for details.
                 C:\Program Files (x86)\Microsoft Visual Studio 10.0\VC\include\string.h(197) : 請參閱 'strtok' 的宣告
       Link:
         C:\Program Files (x86)\Microsoft Visual Studio 10.0\VC\bin\link.exe /ERRORREPORT:PROMPT /OUT:"bin\Release\openCV.exe" /INCREMENTAL:NO /NOLOGO /LIBPATH:..\..\lib opencv_calib3d244.lib opencv_calib3d244d.lib opencv_contrib244.lib opencv_contrib244d.lib opencv_core244.lib opencv_core244d.lib opencv_features2d244.lib opencv_features2d244d.lib opencv_flann244.lib opencv_flann244d.lib opencv_gpu244.lib opencv_gpu244d.lib opencv_haartraining_engine.lib opencv_haartraining_engined.lib opencv_highgui244.lib opencv_highgui244d.lib opencv_imgproc244.lib opencv_imgproc244d.lib opencv_legacy244.lib opencv_legacy244d.lib opencv_ml244.lib opencv_ml244d.lib opencv_nonfree244.lib opencv_nonfree244d.lib opencv_objdetect244.lib opencv_objdetect244d.lib opencv_photo244.lib opencv_photo244d.lib opencv_stitching244.lib opencv_stitching244d.lib opencv_ts244.lib opencv_ts244d.lib opencv_video244.lib opencv_video244d.lib opencv_videostab244.lib opencv_videostab244d.lib freeglut.lib opengl32.lib glew32s.lib glew32.lib libglfw.a libopengl32.a freetype244MT_D.lib ftgl.lib ftgl_static.lib kernel32.lib user32.lib gdi32.lib winspool.lib comdlg32.lib advapi32.lib shell32.lib ole32.lib oleaut32.lib uuid.lib odbc32.lib odbccp32.lib /MANIFEST /ManifestFile:"obj\Release\openCV.exe.intermediate.manifest" /MANIFESTUAC:"level='asInvoker' uiAccess='false'" /DEBUG /PDB:"E:\GitHub\Sensing-Data-Visualization\openCV\bin\Release\openCV.pdb" /SUBSYSTEM:CONSOLE /OPT:REF /OPT:ICF /LTCG /TLBID:1 /DYNAMICBASE /NXCOMPAT /IMPLIB:"bin\Release\openCV.lib" /MACHINE:X86 obj\Release\main.obj
         obj\Release\Preprocessing_Data.obj
         正在產生程式碼
         已完成程式碼產生
         openCV.vcxproj -> E:\GitHub\Sensing-Data-Visualization\openCV\bin\Release\openCV.exe
       Manifest:
         c:\Program Files (x86)\Microsoft SDKs\Windows\v7.0A\bin\mt.exe /nologo /verbose /outputresource:"bin\Release\openCV.exe;#1" /manifest obj\Release\openCV.exe.intermediate.manifest
       FinalizeBuildStatus:
         正在刪除檔案 "obj\Release\openCV.unsuccessfulbuild"。
         正在變更時間戳記 "obj\Release\openCV.lastbuildstate"。
     1>專案 "E:\GitHub\Sensing-Data-Visualization\openCV\openCV.vcxproj" (build 目標) 建置完成。

建置成功。

經過時間 00:00:36.57
